2021-01-26 19:03:00.809  INFO 45490 --- [main] c.example.demo.SareetaApplicationTests   : Starting SareetaApplicationTests on geyongjingdeMacBook-Pro.local with PID 45490 (started by geyongjing in /Users/geyongjing/Desktop/nd035-c4-project/nd035-c4-Security-and-DevOps/starter_code)
2021-01-26 19:03:00.811  INFO 45490 --- [main] c.example.demo.SareetaApplicationTests   : No active profile set, falling back to default profiles: default
2021-01-26 19:03:02.199  INFO 45490 --- [main] .s.d.r.c.RepositoryConfigurationDelegate : Bootstrapping Spring Data repositories in DEFAULT mode.
2021-01-26 19:03:02.299  INFO 45490 --- [main] .s.d.r.c.RepositoryConfigurationDelegate : Finished Spring Data repository scanning in 88ms. Found 4 repository interfaces.
2021-01-26 19:03:03.037  INFO 45490 --- [main] trationDelegate$BeanPostProcessorChecker : Bean 'org.springframework.transaction.annotation.ProxyTransactionManagementConfiguration' of type [org.springframework.transaction.annotation.ProxyTransactionManagementConfiguration$$EnhancerBySpringCGLIB$$6580fd5] is not eligible for getting processed by all BeanPostProcessors (for example: not eligible for auto-proxying)
2021-01-26 19:03:03.323  INFO 45490 --- [main] com.zaxxer.hikari.HikariDataSource       : HikariPool-1 - Starting...
2021-01-26 19:03:03.587  INFO 45490 --- [main] com.zaxxer.hikari.HikariDataSource       : HikariPool-1 - Start completed.
2021-01-26 19:03:03.686  INFO 45490 --- [main] o.hibernate.jpa.internal.util.LogHelper  : HHH000204: Processing PersistenceUnitInfo [
	name: default
	...]
2021-01-26 19:03:03.800  INFO 45490 --- [main] org.hibernate.Version                    : HHH000412: Hibernate Core {5.3.10.Final}
2021-01-26 19:03:03.802  INFO 45490 --- [main] org.hibernate.cfg.Environment            : HHH000206: hibernate.properties not found
2021-01-26 19:03:04.060  INFO 45490 --- [main] o.hibernate.annotations.common.Version   : HCANN000001: Hibernate Commons Annotations {5.0.4.Final}
2021-01-26 19:03:04.248  INFO 45490 --- [main] org.hibernate.dialect.Dialect            : HHH000400: Using dialect: org.hibernate.dialect.H2Dialect
2021-01-26 19:03:05.300  INFO 45490 --- [main] j.LocalContainerEntityManagerFactoryBean : Initialized JPA EntityManagerFactory for persistence unit 'default'
2021-01-26 19:03:06.262  WARN 45490 --- [main] aWebConfiguration$JpaWebMvcConfiguration : spring.jpa.open-in-view is enabled by default. Therefore, database queries may be performed during view rendering. Explicitly configure spring.jpa.open-in-view to disable this warning
2021-01-26 19:03:06.403  INFO 45490 --- [main] o.s.s.web.DefaultSecurityFilterChain     : Creating filter chain: any request, [org.springframework.security.web.context.request.async.WebAsyncManagerIntegrationFilter@ea84346, org.springframework.security.web.context.SecurityContextPersistenceFilter@3700994c, org.springframework.security.web.header.HeaderWriterFilter@54970127, org.springframework.web.filter.CorsFilter@4e614370, org.springframework.security.web.authentication.logout.LogoutFilter@7fa85a55, com.example.demo.security.JWTAuthenticationFilter@1e1ea16d, com.example.demo.security.JWTAuthenticationVerificationFilter@6da9541c, org.springframework.security.web.savedrequest.RequestCacheAwareFilter@2d3bb944, org.springframework.security.web.servletapi.SecurityContextHolderAwareRequestFilter@1ead3c67, org.springframework.security.web.authentication.AnonymousAuthenticationFilter@2157889c, org.springframework.security.web.session.SessionManagementFilter@749ee0e3, org.springframework.security.web.access.ExceptionTranslationFilter@12d35bc9, org.springframework.security.web.access.intercept.FilterSecurityInterceptor@6c225adb]
2021-01-26 19:03:06.892  INFO 45490 --- [main] o.s.s.concurrent.ThreadPoolTaskExecutor  : Initializing ExecutorService 'applicationTaskExecutor'
2021-01-26 19:03:07.303  INFO 45490 --- [main] c.example.demo.SareetaApplicationTests   : Started SareetaApplicationTests in 7.227 seconds (JVM running for 9.132)
2021-01-26 19:03:07.471  INFO 45490 --- [Thread-2] o.s.s.concurrent.ThreadPoolTaskExecutor  : Shutting down ExecutorService 'applicationTaskExecutor'
2021-01-26 19:03:07.474  INFO 45490 --- [Thread-2] j.LocalContainerEntityManagerFactoryBean : Closing JPA EntityManagerFactory for persistence unit 'default'
2021-01-26 19:03:07.477  INFO 45490 --- [Thread-2] com.zaxxer.hikari.HikariDataSource       : HikariPool-1 - Shutdown initiated...
2021-01-26 19:03:07.480  INFO 45490 --- [Thread-2] com.zaxxer.hikari.HikariDataSource       : HikariPool-1 - Shutdown completed.
